[NotebookApp | INFO] Loading the validate_assignment nbgrader serverextension
[NotebookApp | INFO] Serving notebooks from local directory: /home/manshi/AI-workspace/cutsom-notebook/notebook-5.6.0
[NotebookApp | INFO] The Jupyter Notebook is running at:
[NotebookApp | INFO] http://localhost:8888/
[NotebookApp | INFO] Use Control-C to stop this server and shut down all kernels (twice to skip confirmation).
[NotebookApp | ERROR] The version of the Assignment List nbextension does not match the server extension; the nbextension version is 0.5.4 while the server version is 0.5.5. This can happen if you have recently upgraded nbgrader, and may cause this extension to not work correctly. To fix the problem, please see the nbgrader installation instructions: http://nbgrader.readthedocs.io/en/stable/user_guide/installation.html
[NotebookApp | INFO] Released assignments:
[NotebookApp | INFO] course1 module4-project
[NotebookApp | INFO] Submitted assignments:
[NotebookApp | INFO] course1 manshi module4-project 2019-01-24 08:45:29.289367 UTC
[NotebookApp | INFO] course1 manshi test 2018-10-11 04:31:13.992843 UTC
[NotebookApp | INFO] course1 manshi test 2018-10-11 04:39:23.219583 UTC
[NotebookApp | INFO] course1 manshi test 2018-10-11 04:39:25.815084 UTC
[NotebookApp | INFO] course1 manshi test 2018-10-11 04:53:28.487796 UTC
[NotebookApp | INFO] course1 manshi test 2019-01-23 14:37:06.429379 UTC
[NotebookApp | INFO] course1 manshi test3 2019-01-23 15:07:10.401646 UTC
[NotebookApp | INFO] course1 manshi test3 2019-01-23 15:10:04.446682 UTC
[NotebookApp | INFO] course1 manshi test3 2019-01-23 15:10:14.293195 UTC
[NotebookApp | INFO] Released assignments:
[NotebookApp | INFO] course1 module4-project
[NotebookApp | INFO] Submitted assignments:
[NotebookApp | INFO] course1 manshi module4-project 2019-01-24 08:45:29.289367 UTC
[NotebookApp | INFO] course1 manshi test 2018-10-11 04:31:13.992843 UTC
[NotebookApp | INFO] course1 manshi test 2018-10-11 04:39:23.219583 UTC
[NotebookApp | INFO] course1 manshi test 2018-10-11 04:39:25.815084 UTC
[NotebookApp | INFO] course1 manshi test 2018-10-11 04:53:28.487796 UTC
[NotebookApp | INFO] course1 manshi test 2019-01-23 14:37:06.429379 UTC
[NotebookApp | INFO] course1 manshi test3 2019-01-23 15:07:10.401646 UTC
[NotebookApp | INFO] course1 manshi test3 2019-01-23 15:10:04.446682 UTC
[NotebookApp | INFO] course1 manshi test3 2019-01-23 15:10:14.293195 UTC
[NotebookApp | INFO] Released assignments:
[NotebookApp | INFO] course1 module4-project
[NotebookApp | INFO] Released assignments:
[NotebookApp | INFO] course1 module4-project
[NotebookApp | INFO] Released assignments:
[NotebookApp | INFO] course1 module4-project
[NotebookApp | INFO] Released assignments:
[NotebookApp | INFO] course1 module4-project
[NotebookApp | INFO] Released assignments:
[NotebookApp | INFO] course1 module4-project
[NotebookApp | WARNING] 404 GET /nbgrade/source/module4-project (127.0.0.1) 35.85ms referer=http://localhost:8888/formgrader
[NotebookApp | INFO] Released assignments:
[NotebookApp | INFO] course1 module4-project
[NotebookApp | INFO] Released assignments:
[NotebookApp | INFO] course1 module4-project
[NotebookApp | WARNING] 404 GET /nbgrade/source/test-assignment (127.0.0.1) 2.23ms referer=http://localhost:8888/formgrader
[NotebookApp | INFO] Released assignments:
[NotebookApp | INFO] course1 module4-project
[NotebookApp | INFO] Released assignments:
[NotebookApp | INFO] course1 module4-project
[NotebookApp | INFO] Released assignments:
[NotebookApp | INFO] course1 module4-project
[NotebookApp | INFO] Released assignments:
[NotebookApp | INFO] course1 module4-project
[NotebookApp | INFO] Released assignments:
[NotebookApp | INFO] course1 module4-project
[NotebookApp | WARNING] 404 GET /nbgrade/source/module4-project (127.0.0.1) 4.71ms referer=http://localhost:8888/formgrader
[NotebookApp | INFO] Released assignments:
[NotebookApp | INFO] course1 module4-project
[NotebookApp | INFO] Removing released assignments:
[NotebookApp | INFO] course1 module4-project
[NotebookApp | INFO] Released assignments:
[NotebookApp | INFO] Released assignments:
[NotebookApp | INFO] Released assignments:
[NotebookApp | INFO] Released assignments:
[NotebookApp | INFO] Released assignments:
[NotebookApp | INFO] Released assignments:
[NotebookApp | INFO] Released assignments:
[NotebookApp | INFO] Released assignments:
[NotebookApp | INFO] Released assignments:
[NotebookApp | INFO] Released assignments:
[NotebookApp | INFO] Released assignments:
[NotebookApp | INFO] Released assignments:
[NotebookApp | INFO] Released assignments:
[NotebookApp | INFO] Released assignments:
[NotebookApp | INFO] Released assignments:
[NotebookApp | INFO] Released assignments:
[NotebookApp | INFO] Released assignments:
[NotebookApp | INFO] Released assignments:
[NotebookApp | INFO] interrupted
[NotebookApp | CRITICAL] received signal 2, stopping
[NotebookApp | INFO] Shutting down 0 kernels
[NotebookApp | INFO] Loading the validate_assignment nbgrader serverextension
[NotebookApp | INFO] Serving notebooks from local directory: /home/manshi/AI-workspace/cutsom-notebook/notebook-5.6.0
[NotebookApp | INFO] The Jupyter Notebook is running at:
[NotebookApp | INFO] http://localhost:8888/
[NotebookApp | INFO] Use Control-C to stop this server and shut down all kernels (twice to skip confirmation).
[NotebookApp | ERROR] The version of the Assignment List nbextension does not match the server extension; the nbextension version is 0.5.4 while the server version is 0.5.5. This can happen if you have recently upgraded nbgrader, and may cause this extension to not work correctly. To fix the problem, please see the nbgrader installation instructions: http://nbgrader.readthedocs.io/en/stable/user_guide/installation.html
[NotebookApp | ERROR] The version of the Assignment List nbextension does not match the server extension; the nbextension version is 0.5.4 while the server version is 0.5.5. This can happen if you have recently upgraded nbgrader, and may cause this extension to not work correctly. To fix the problem, please see the nbgrader installation instructions: http://nbgrader.readthedocs.io/en/stable/user_guide/installation.html
[NotebookApp | INFO] Released assignments:
[NotebookApp | INFO] Released assignments:
[NotebookApp | INFO] Released assignments:
[NotebookApp | INFO] Released assignments:
[NotebookApp | INFO] Released assignments:
[NotebookApp | INFO] Released assignments:
[NotebookApp | INFO] Released assignments:
[NotebookApp | WARNING] 404 GET /nbgrade/source/test-assignment (127.0.0.1) 37.58ms referer=http://localhost:8888/formgrader
[NotebookApp | INFO] Kernel started: 7912740c-02b9-42a8-b523-864ee2f5389c
[NotebookApp | INFO] Adapting to protocol v5.1 for kernel 7912740c-02b9-42a8-b523-864ee2f5389c
[NotebookApp | INFO] interrupted
[NotebookApp | CRITICAL] received signal 2, stopping
[NotebookApp | INFO] Shutting down 1 kernel
[NotebookApp | INFO] Kernel shutdown: 7912740c-02b9-42a8-b523-864ee2f5389c
[NotebookApp | INFO] Loading the validate_assignment nbgrader serverextension
[NotebookApp | INFO] Serving notebooks from local directory: /home/manshi/AI-workspace/cutsom-notebook/notebook-5.6.0
[NotebookApp | INFO] The Jupyter Notebook is running at:
[NotebookApp | INFO] http://localhost:8888/
[NotebookApp | INFO] Use Control-C to stop this server and shut down all kernels (twice to skip confirmation).
[NotebookApp | ERROR] The version of the Assignment List nbextension does not match the server extension; the nbextension version is 0.5.4 while the server version is 0.5.5. This can happen if you have recently upgraded nbgrader, and may cause this extension to not work correctly. To fix the problem, please see the nbgrader installation instructions: http://nbgrader.readthedocs.io/en/stable/user_guide/installation.html
[NotebookApp | INFO] Released assignments:
[NotebookApp | INFO] Released assignments:
[NotebookApp | INFO] Released assignments:
[NotebookApp | INFO] Released assignments:
[NotebookApp | INFO] Released assignments:
[NotebookApp | INFO] Released assignments:
[NotebookApp | INFO] Released assignments:
[NotebookApp | WARNING] 404 GET /nbgrade/source/test-assignment (127.0.0.1) 9.01ms referer=http://localhost:8888/formgrader
[NotebookApp | WARNING] 404 GET /nbgrade/source/module4-project (127.0.0.1) 1.68ms referer=http://localhost:8888/formgrader
[NotebookApp | INFO] interrupted
[NotebookApp | CRITICAL] received signal 2, stopping
[NotebookApp | INFO] Shutting down 0 kernels
[NotebookApp | INFO] Loading the validate_assignment nbgrader serverextension
[NotebookApp | INFO] Serving notebooks from local directory: /home/manshi/AI-workspace/cutsom-notebook/notebook-5.6.0
[NotebookApp | INFO] The Jupyter Notebook is running at:
[NotebookApp | INFO] http://localhost:8888/
[NotebookApp | INFO] Use Control-C to stop this server and shut down all kernels (twice to skip confirmation).
[NotebookApp | ERROR] The version of the Assignment List nbextension does not match the server extension; the nbextension version is 0.5.4 while the server version is 0.5.5. This can happen if you have recently upgraded nbgrader, and may cause this extension to not work correctly. To fix the problem, please see the nbgrader installation instructions: http://nbgrader.readthedocs.io/en/stable/user_guide/installation.html
[NotebookApp | INFO] Released assignments:
[NotebookApp | INFO] Submitted assignments:
[NotebookApp | INFO] course1 manshi module4-project 2019-01-24 08:45:29.289367 UTC
[NotebookApp | INFO] course1 manshi test 2018-10-11 04:31:13.992843 UTC
[NotebookApp | INFO] course1 manshi test 2018-10-11 04:39:23.219583 UTC
[NotebookApp | INFO] course1 manshi test 2018-10-11 04:39:25.815084 UTC
[NotebookApp | INFO] course1 manshi test 2018-10-11 04:53:28.487796 UTC
[NotebookApp | INFO] course1 manshi test 2019-01-23 14:37:06.429379 UTC
[NotebookApp | INFO] course1 manshi test3 2019-01-23 15:07:10.401646 UTC
[NotebookApp | INFO] course1 manshi test3 2019-01-23 15:10:04.446682 UTC
[NotebookApp | INFO] course1 manshi test3 2019-01-23 15:10:14.293195 UTC
[NotebookApp | INFO] Released assignments:
[NotebookApp | INFO] Submitted assignments:
[NotebookApp | INFO] course1 manshi module4-project 2019-01-24 08:45:29.289367 UTC
[NotebookApp | INFO] course1 manshi test 2018-10-11 04:31:13.992843 UTC
[NotebookApp | INFO] course1 manshi test 2018-10-11 04:39:23.219583 UTC
[NotebookApp | INFO] course1 manshi test 2018-10-11 04:39:25.815084 UTC
[NotebookApp | INFO] course1 manshi test 2018-10-11 04:53:28.487796 UTC
[NotebookApp | INFO] course1 manshi test 2019-01-23 14:37:06.429379 UTC
[NotebookApp | INFO] course1 manshi test3 2019-01-23 15:07:10.401646 UTC
[NotebookApp | INFO] course1 manshi test3 2019-01-23 15:10:04.446682 UTC
[NotebookApp | INFO] course1 manshi test3 2019-01-23 15:10:14.293195 UTC
[NotebookApp | INFO] Released assignments:
[NotebookApp | INFO] Released assignments:
[NotebookApp | INFO] Released assignments:
[NotebookApp | INFO] Released assignments:
[NotebookApp | INFO] Released assignments:
[NotebookApp | INFO] Released assignments:
[NotebookApp | INFO] Released assignments:
[NotebookApp | INFO] Released assignments:
[NotebookApp | INFO] Released assignments:
[NotebookApp | WARNING] 404 GET /nbgrade/source/test-two (127.0.0.1) 41.51ms referer=http://localhost:8888/formgrader
[NotebookApp | INFO] interrupted
[NotebookApp | CRITICAL] received signal 2, stopping
[NotebookApp | INFO] Shutting down 0 kernels
[NotebookApp | INFO] Loading the validate_assignment nbgrader serverextension
[NotebookApp | INFO] Serving notebooks from local directory: /home/manshi/AI-workspace/cutsom-notebook/notebook-5.6.0
[NotebookApp | INFO] The Jupyter Notebook is running at:
[NotebookApp | INFO] http://localhost:8888/
[NotebookApp | INFO] Use Control-C to stop this server and shut down all kernels (twice to skip confirmation).
[NotebookApp | ERROR] The version of the Assignment List nbextension does not match the server extension; the nbextension version is 0.5.4 while the server version is 0.5.5. This can happen if you have recently upgraded nbgrader, and may cause this extension to not work correctly. To fix the problem, please see the nbgrader installation instructions: http://nbgrader.readthedocs.io/en/stable/user_guide/installation.html
[NotebookApp | INFO] Released assignments:
[NotebookApp | INFO] Released assignments:
[NotebookApp | INFO] Released assignments:
[NotebookApp | INFO] Released assignments:
[NotebookApp | INFO] Released assignments:
[NotebookApp | INFO] Released assignments:
[NotebookApp | INFO] Released assignments:
[NotebookApp | INFO] Released assignments:
[NotebookApp | WARNING] 404 GET /nbgrade/source/test-two (127.0.0.1) 10.41ms referer=http://localhost:8888/formgrader
[NotebookApp | INFO] interrupted
[NotebookApp | CRITICAL] received signal 2, stopping
[NotebookApp | INFO] Shutting down 0 kernels
[NotebookApp | INFO] Loading the validate_assignment nbgrader serverextension
[NotebookApp | INFO] Serving notebooks from local directory: /home/manshi/AI-workspace/cutsom-notebook/notebook-5.6.0
[NotebookApp | INFO] The Jupyter Notebook is running at:
[NotebookApp | INFO] http://localhost:8888/
[NotebookApp | INFO] Use Control-C to stop this server and shut down all kernels (twice to skip confirmation).
[NotebookApp | ERROR] The version of the Assignment List nbextension does not match the server extension; the nbextension version is 0.5.4 while the server version is 0.5.5. This can happen if you have recently upgraded nbgrader, and may cause this extension to not work correctly. To fix the problem, please see the nbgrader installation instructions: http://nbgrader.readthedocs.io/en/stable/user_guide/installation.html
[NotebookApp | INFO] Released assignments:
[NotebookApp | INFO] Submitted assignments:
[NotebookApp | INFO] course1 manshi module4-project 2019-01-24 08:45:29.289367 UTC
[NotebookApp | INFO] course1 manshi test 2018-10-11 04:31:13.992843 UTC
[NotebookApp | INFO] course1 manshi test 2018-10-11 04:39:23.219583 UTC
[NotebookApp | INFO] course1 manshi test 2018-10-11 04:39:25.815084 UTC
[NotebookApp | INFO] course1 manshi test 2018-10-11 04:53:28.487796 UTC
[NotebookApp | INFO] course1 manshi test 2019-01-23 14:37:06.429379 UTC
[NotebookApp | INFO] course1 manshi test3 2019-01-23 15:07:10.401646 UTC
[NotebookApp | INFO] course1 manshi test3 2019-01-23 15:10:04.446682 UTC
[NotebookApp | INFO] course1 manshi test3 2019-01-23 15:10:14.293195 UTC
[NotebookApp | INFO] Released assignments:
[NotebookApp | INFO] Submitted assignments:
[NotebookApp | INFO] course1 manshi module4-project 2019-01-24 08:45:29.289367 UTC
[NotebookApp | INFO] course1 manshi test 2018-10-11 04:31:13.992843 UTC
[NotebookApp | INFO] course1 manshi test 2018-10-11 04:39:23.219583 UTC
[NotebookApp | INFO] course1 manshi test 2018-10-11 04:39:25.815084 UTC
[NotebookApp | INFO] course1 manshi test 2018-10-11 04:53:28.487796 UTC
[NotebookApp | INFO] course1 manshi test 2019-01-23 14:37:06.429379 UTC
[NotebookApp | INFO] course1 manshi test3 2019-01-23 15:07:10.401646 UTC
[NotebookApp | INFO] course1 manshi test3 2019-01-23 15:10:04.446682 UTC
[NotebookApp | INFO] course1 manshi test3 2019-01-23 15:10:14.293195 UTC
[NotebookApp | INFO] Released assignments:
[NotebookApp | INFO] Released assignments:
[NotebookApp | INFO] Released assignments:
[NotebookApp | INFO] Released assignments:
[NotebookApp | INFO] Released assignments:
[NotebookApp | INFO] Released assignments:
[NotebookApp | INFO] Released assignments:
[NotebookApp | INFO] Released assignments:
[NotebookApp | WARNING] 404 GET /nbgrade/source/test-assignment (127.0.0.1) 12.87ms referer=http://localhost:8888/formgrader
[NotebookApp | INFO] interrupted
[NotebookApp | CRITICAL] received signal 2, stopping
[NotebookApp | INFO] Shutting down 0 kernels
[NotebookApp | INFO] Loading the validate_assignment nbgrader serverextension
[NotebookApp | INFO] Serving notebooks from local directory: /home/manshi/AI-workspace/cutsom-notebook/notebook-5.6.0
[NotebookApp | INFO] The Jupyter Notebook is running at:
[NotebookApp | INFO] http://localhost:8888/
[NotebookApp | INFO] Use Control-C to stop this server and shut down all kernels (twice to skip confirmation).
[NotebookApp | WARNING] Clearing invalid/expired login cookie username-localhost-8888
[NotebookApp | WARNING] Clearing invalid/expired login cookie username-localhost-8888
[NotebookApp | INFO] 302 GET /tree (127.0.0.1) 3.72ms
[NotebookApp | INFO] 302 POST /login?next=%2Ftree (127.0.0.1) 5.66ms
[NotebookApp | ERROR] The version of the Assignment List nbextension does not match the server extension; the nbextension version is 0.5.4 while the server version is 0.5.5. This can happen if you have recently upgraded nbgrader, and may cause this extension to not work correctly. To fix the problem, please see the nbgrader installation instructions: http://nbgrader.readthedocs.io/en/stable/user_guide/installation.html
[NotebookApp | INFO] Kernel started: 9ea7586e-2824-4c21-88db-d14832a160a6
[NotebookApp | INFO] Adapting to protocol v5.1 for kernel 9ea7586e-2824-4c21-88db-d14832a160a6
[NotebookApp | INFO] interrupted
[NotebookApp | CRITICAL] received signal 2, stopping
[NotebookApp | INFO] Shutting down 1 kernel
[NotebookApp | CRITICAL] received signal 2, stopping
[NotebookApp | INFO] Kernel shutdown: 9ea7586e-2824-4c21-88db-d14832a160a6
[NotebookApp | INFO] Loading the validate_assignment nbgrader serverextension
[NotebookApp | INFO] Serving notebooks from local directory: /home/manshi/AI-workspace/cutsom-notebook/notebook-5.6.0
[NotebookApp | INFO] The Jupyter Notebook is running at:
[NotebookApp | INFO] http://localhost:8888/
[NotebookApp | INFO] Use Control-C to stop this server and shut down all kernels (twice to skip confirmation).
[NotebookApp | ERROR] The version of the Assignment List nbextension does not match the server extension; the nbextension version is 0.5.4 while the server version is 0.5.5. This can happen if you have recently upgraded nbgrader, and may cause this extension to not work correctly. To fix the problem, please see the nbgrader installation instructions: http://nbgrader.readthedocs.io/en/stable/user_guide/installation.html
[NotebookApp | WARNING] 404 GET /api/kernels/9ea7586e-2824-4c21-88db-d14832a160a6/channels?session_id=8d978a9871004371982d350ab0e5b26d (127.0.0.1): Kernel does not exist: 9ea7586e-2824-4c21-88db-d14832a160a6
[NotebookApp | WARNING] 404 GET /api/kernels/9ea7586e-2824-4c21-88db-d14832a160a6/channels?session_id=8d978a9871004371982d350ab0e5b26d (127.0.0.1) 55.29ms referer=None
[NotebookApp | WARNING] Replacing stale connection: 9ea7586e-2824-4c21-88db-d14832a160a6:8d978a9871004371982d350ab0e5b26d
[NotebookApp | INFO] Kernel started: df526a31-8de6-4b73-9f93-f42efb88feb5
[NotebookApp | INFO] Adapting to protocol v5.1 for kernel df526a31-8de6-4b73-9f93-f42efb88feb5
[NotebookApp | INFO] Saving file at /Untitled.ipynb
[NotebookApp | INFO] Saving file at /Untitled.ipynb
[NotebookApp | INFO] interrupted
[NotebookApp | CRITICAL] received signal 2, stopping
[NotebookApp | INFO] Shutting down 1 kernel
[NotebookApp | CRITICAL] received signal 2, stopping
[NotebookApp | INFO] Kernel shutdown: df526a31-8de6-4b73-9f93-f42efb88feb5
[NotebookApp | INFO] Loading the validate_assignment nbgrader serverextension
[NotebookApp | INFO] Serving notebooks from local directory: /home/manshi/AI-workspace/cutsom-notebook/notebook-5.6.0
[NotebookApp | INFO] The Jupyter Notebook is running at:
[NotebookApp | INFO] http://localhost:8888/
[NotebookApp | INFO] Use Control-C to stop this server and shut down all kernels (twice to skip confirmation).
[NotebookApp | WARNING] Clearing invalid/expired login cookie username-localhost-8888
[NotebookApp | WARNING] Clearing invalid/expired login cookie username-localhost-8888
[NotebookApp | INFO] 302 GET /tree (127.0.0.1) 14.63ms
[NotebookApp | INFO] 302 POST /login?next=%2Ftree (127.0.0.1) 1.59ms
[NotebookApp | ERROR] The version of the Assignment List nbextension does not match the server extension; the nbextension version is 0.5.4 while the server version is 0.5.5. This can happen if you have recently upgraded nbgrader, and may cause this extension to not work correctly. To fix the problem, please see the nbgrader installation instructions: http://nbgrader.readthedocs.io/en/stable/user_guide/installation.html
[NotebookApp | INFO] Kernel started: ed464e5a-2aa2-403e-b660-de811d85f84c
[NotebookApp | INFO] Adapting to protocol v5.1 for kernel ed464e5a-2aa2-403e-b660-de811d85f84c
[NotebookApp | WARNING] 404 GET /static/components/preact/preact.min.js.map (127.0.0.1) 6.95ms referer=None
[NotebookApp | WARNING] 404 GET /static/components/proptypes/index.js.map (127.0.0.1) 4.03ms referer=None
[NotebookApp | INFO] interrupted
[NotebookApp | CRITICAL] received signal 2, stopping
[NotebookApp | INFO] Shutting down 1 kernel
[NotebookApp | CRITICAL] received signal 2, stopping
[NotebookApp | INFO] Kernel shutdown: ed464e5a-2aa2-403e-b660-de811d85f84c
[NotebookApp | INFO] Loading the validate_assignment nbgrader serverextension
[NotebookApp | INFO] Serving notebooks from local directory: /home/manshi/AI-workspace/cutsom-notebook/notebook-5.6.0
[NotebookApp | INFO] The Jupyter Notebook is running at:
[NotebookApp | INFO] http://localhost:8888/
[NotebookApp | INFO] Use Control-C to stop this server and shut down all kernels (twice to skip confirmation).
[NotebookApp | WARNING] 404 GET /api/kernels/ed464e5a-2aa2-403e-b660-de811d85f84c/channels?session_id=0deb64de944748f79e9a43f97a92883c (127.0.0.1): Kernel does not exist: ed464e5a-2aa2-403e-b660-de811d85f84c
[NotebookApp | WARNING] 404 GET /api/kernels/ed464e5a-2aa2-403e-b660-de811d85f84c/channels?session_id=0deb64de944748f79e9a43f97a92883c (127.0.0.1) 83.97ms referer=None
[NotebookApp | ERROR] The version of the Assignment List nbextension does not match the server extension; the nbextension version is 0.5.4 while the server version is 0.5.5. This can happen if you have recently upgraded nbgrader, and may cause this extension to not work correctly. To fix the problem, please see the nbgrader installation instructions: http://nbgrader.readthedocs.io/en/stable/user_guide/installation.html
[NotebookApp | WARNING] Replacing stale connection: ed464e5a-2aa2-403e-b660-de811d85f84c:0deb64de944748f79e9a43f97a92883c
[NotebookApp | INFO] Kernel started: 0a3b7f07-40b9-46ae-b121-57c302e5b5ea
[NotebookApp | WARNING] 404 GET /static/components/preact/preact.min.js.map (127.0.0.1) 3.02ms referer=None
[NotebookApp | WARNING] 404 GET /static/components/proptypes/index.js.map (127.0.0.1) 4.12ms referer=None
[NotebookApp | INFO] interrupted
[NotebookApp | INFO] Adapting to protocol v5.1 for kernel 0a3b7f07-40b9-46ae-b121-57c302e5b5ea
[NotebookApp | WARNING] Replacing stale connection: ed464e5a-2aa2-403e-b660-de811d85f84c:0deb64de944748f79e9a43f97a92883c
[NotebookApp | WARNING] Replacing stale connection: ed464e5a-2aa2-403e-b660-de811d85f84c:0deb64de944748f79e9a43f97a92883c
[NotebookApp | WARNING] Replacing stale connection: ed464e5a-2aa2-403e-b660-de811d85f84c:0deb64de944748f79e9a43f97a92883c
[NotebookApp | INFO] interrupted
[NotebookApp | CRITICAL] received signal 2, stopping
[NotebookApp | INFO] Shutting down 1 kernel
[NotebookApp | CRITICAL] received signal 2, stopping
[NotebookApp | INFO] Kernel shutdown: 0a3b7f07-40b9-46ae-b121-57c302e5b5ea
[NotebookApp | INFO] Loading the validate_assignment nbgrader serverextension
[NotebookApp | INFO] Serving notebooks from local directory: /home/manshi/AI-workspace/cutsom-notebook/notebook-5.6.0
[NotebookApp | INFO] The Jupyter Notebook is running at:
[NotebookApp | INFO] http://localhost:8888/
[NotebookApp | INFO] Use Control-C to stop this server and shut down all kernels (twice to skip confirmation).
[NotebookApp | ERROR] The version of the Assignment List nbextension does not match the server extension; the nbextension version is 0.5.4 while the server version is 0.5.5. This can happen if you have recently upgraded nbgrader, and may cause this extension to not work correctly. To fix the problem, please see the nbgrader installation instructions: http://nbgrader.readthedocs.io/en/stable/user_guide/installation.html
[NotebookApp | WARNING] 404 GET /static/components/preact/preact.min.js.map (127.0.0.1) 14.76ms referer=None
[NotebookApp | WARNING] 404 GET /static/components/proptypes/index.js.map (127.0.0.1) 2.75ms referer=None
[NotebookApp | INFO] Kernel started: 84df7e4c-2ca1-432b-982b-164be6e0ceec
[NotebookApp | INFO] Adapting to protocol v5.1 for kernel 84df7e4c-2ca1-432b-982b-164be6e0ceec
[NotebookApp | INFO] interrupted
[NotebookApp | CRITICAL] received signal 2, stopping
[NotebookApp | INFO] Shutting down 1 kernel
[NotebookApp | CRITICAL] received signal 2, stopping
[NotebookApp | CRITICAL] received signal 2, stopping
[NotebookApp | INFO] Kernel shutdown: 84df7e4c-2ca1-432b-982b-164be6e0ceec
[NotebookApp | INFO] Loading the validate_assignment nbgrader serverextension
[NotebookApp | INFO] Serving notebooks from local directory: /home/manshi/AI-workspace/cutsom-notebook/notebook-5.6.0
[NotebookApp | INFO] The Jupyter Notebook is running at:
[NotebookApp | INFO] http://localhost:8888/
[NotebookApp | INFO] Use Control-C to stop this server and shut down all kernels (twice to skip confirmation).
[NotebookApp | ERROR] The version of the Assignment List nbextension does not match the server extension; the nbextension version is 0.5.4 while the server version is 0.5.5. This can happen if you have recently upgraded nbgrader, and may cause this extension to not work correctly. To fix the problem, please see the nbgrader installation instructions: http://nbgrader.readthedocs.io/en/stable/user_guide/installation.html
[NotebookApp | WARNING] 404 GET /api/kernels/84df7e4c-2ca1-432b-982b-164be6e0ceec/channels?session_id=806fce204a054ed9bb2f30020801229c (127.0.0.1): Kernel does not exist: 84df7e4c-2ca1-432b-982b-164be6e0ceec
[NotebookApp | WARNING] 404 GET /api/kernels/84df7e4c-2ca1-432b-982b-164be6e0ceec/channels?session_id=806fce204a054ed9bb2f30020801229c (127.0.0.1) 38.93ms referer=None
[NotebookApp | WARNING] 404 GET /static/components/preact/preact.min.js.map (127.0.0.1) 2.02ms referer=None
[NotebookApp | WARNING] 404 GET /static/components/proptypes/index.js.map (127.0.0.1) 2.55ms referer=None
[NotebookApp | INFO] Kernel started: 3cfcbcc7-f75d-4a7b-a719-b2bbdab5da06
[NotebookApp | INFO] Adapting to protocol v5.1 for kernel 3cfcbcc7-f75d-4a7b-a719-b2bbdab5da06
[NotebookApp | INFO] interrupted
[NotebookApp | CRITICAL] received signal 2, stopping
[NotebookApp | INFO] Shutting down 1 kernel
[NotebookApp | INFO] Kernel shutdown: 3cfcbcc7-f75d-4a7b-a719-b2bbdab5da06
[NotebookApp | INFO] Loading the validate_assignment nbgrader serverextension
[NotebookApp | INFO] Serving notebooks from local directory: /home/manshi/AI-workspace/cutsom-notebook/notebook-5.6.0
[NotebookApp | INFO] The Jupyter Notebook is running at:
[NotebookApp | INFO] http://localhost:8888/
[NotebookApp | INFO] Use Control-C to stop this server and shut down all kernels (twice to skip confirmation).
[NotebookApp | ERROR] The version of the Assignment List nbextension does not match the server extension; the nbextension version is 0.5.4 while the server version is 0.5.5. This can happen if you have recently upgraded nbgrader, and may cause this extension to not work correctly. To fix the problem, please see the nbgrader installation instructions: http://nbgrader.readthedocs.io/en/stable/user_guide/installation.html
[NotebookApp | WARNING] 404 GET /static/components/preact/preact.min.js.map (127.0.0.1) 21.34ms referer=None
[NotebookApp | WARNING] 404 GET /static/components/proptypes/index.js.map (127.0.0.1) 2.04ms referer=None
[NotebookApp | INFO] Kernel started: 7f7761bb-188e-4747-ac42-d55116e8fd84
[NotebookApp | INFO] Adapting to protocol v5.1 for kernel 7f7761bb-188e-4747-ac42-d55116e8fd84
[NotebookApp | INFO] interrupted
[NotebookApp | CRITICAL] received signal 2, stopping
[NotebookApp | INFO] Shutting down 1 kernel
[NotebookApp | CRITICAL] received signal 2, stopping
[NotebookApp | INFO] Kernel shutdown: 7f7761bb-188e-4747-ac42-d55116e8fd84
[NotebookApp | INFO] Loading the validate_assignment nbgrader serverextension
[NotebookApp | INFO] Serving notebooks from local directory: /home/manshi/AI-workspace/cutsom-notebook/notebook-5.6.0
[NotebookApp | INFO] The Jupyter Notebook is running at:
[NotebookApp | INFO] http://localhost:8888/
[NotebookApp | INFO] Use Control-C to stop this server and shut down all kernels (twice to skip confirmation).
[NotebookApp | WARNING] 404 GET /api/kernels/7f7761bb-188e-4747-ac42-d55116e8fd84/channels?session_id=457e538c700946928952c214f2d1bb24 (127.0.0.1): Kernel does not exist: 7f7761bb-188e-4747-ac42-d55116e8fd84
[NotebookApp | WARNING] 404 GET /api/kernels/7f7761bb-188e-4747-ac42-d55116e8fd84/channels?session_id=457e538c700946928952c214f2d1bb24 (127.0.0.1) 55.10ms referer=None
[NotebookApp | ERROR] The version of the Assignment List nbextension does not match the server extension; the nbextension version is 0.5.4 while the server version is 0.5.5. This can happen if you have recently upgraded nbgrader, and may cause this extension to not work correctly. To fix the problem, please see the nbgrader installation instructions: http://nbgrader.readthedocs.io/en/stable/user_guide/installation.html
[NotebookApp | WARNING] 404 GET /static/components/preact/preact.min.js.map (127.0.0.1) 1.87ms referer=None
[NotebookApp | WARNING] 404 GET /static/components/proptypes/index.js.map (127.0.0.1) 2.14ms referer=None
[NotebookApp | INFO] Kernel started: 5d81d81d-bf7f-4b6d-9c48-7bcf6b0ff5e5
[NotebookApp | INFO] Adapting to protocol v5.1 for kernel 5d81d81d-bf7f-4b6d-9c48-7bcf6b0ff5e5
[NotebookApp | INFO] interrupted
[NotebookApp | CRITICAL] received signal 2, stopping
[NotebookApp | INFO] Shutting down 1 kernel
[NotebookApp | CRITICAL] received signal 2, stopping
[NotebookApp | INFO] Kernel shutdown: 5d81d81d-bf7f-4b6d-9c48-7bcf6b0ff5e5
[NotebookApp | INFO] Loading the validate_assignment nbgrader serverextension
[NotebookApp | INFO] Serving notebooks from local directory: /home/manshi/AI-workspace/cutsom-notebook/notebook-5.6.0
[NotebookApp | INFO] The Jupyter Notebook is running at:
[NotebookApp | INFO] http://localhost:8888/
[NotebookApp | INFO] Use Control-C to stop this server and shut down all kernels (twice to skip confirmation).
[NotebookApp | WARNING] 404 GET /api/kernels/5d81d81d-bf7f-4b6d-9c48-7bcf6b0ff5e5/channels?session_id=9ea5fcb846404d649d7f6b37cef61655 (127.0.0.1): Kernel does not exist: 5d81d81d-bf7f-4b6d-9c48-7bcf6b0ff5e5
[NotebookApp | WARNING] 404 GET /api/kernels/5d81d81d-bf7f-4b6d-9c48-7bcf6b0ff5e5/channels?session_id=9ea5fcb846404d649d7f6b37cef61655 (127.0.0.1) 51.92ms referer=None
[NotebookApp | ERROR] The version of the Assignment List nbextension does not match the server extension; the nbextension version is 0.5.4 while the server version is 0.5.5. This can happen if you have recently upgraded nbgrader, and may cause this extension to not work correctly. To fix the problem, please see the nbgrader installation instructions: http://nbgrader.readthedocs.io/en/stable/user_guide/installation.html
[NotebookApp | WARNING] Replacing stale connection: 5d81d81d-bf7f-4b6d-9c48-7bcf6b0ff5e5:9ea5fcb846404d649d7f6b37cef61655
[NotebookApp | WARNING] 404 GET /static/components/preact/preact.min.js.map (127.0.0.1) 1.99ms referer=None
[NotebookApp | WARNING] 404 GET /static/components/proptypes/index.js.map (127.0.0.1) 1.95ms referer=None
[NotebookApp | INFO] Kernel started: d1f654df-ddc6-4eca-ba21-f2f69b736912
[NotebookApp | INFO] Adapting to protocol v5.1 for kernel d1f654df-ddc6-4eca-ba21-f2f69b736912
[NotebookApp | INFO] interrupted
[NotebookApp | INFO] interrupted
[NotebookApp | CRITICAL] received signal 2, stopping
[NotebookApp | INFO] Shutting down 1 kernel
[NotebookApp | CRITICAL] received signal 2, stopping
[NotebookApp | INFO] Kernel shutdown: d1f654df-ddc6-4eca-ba21-f2f69b736912
[NotebookApp | INFO] Loading the validate_assignment nbgrader serverextension
[NotebookApp | INFO] Serving notebooks from local directory: /home/manshi/AI-workspace/cutsom-notebook/notebook-5.6.0
[NotebookApp | INFO] The Jupyter Notebook is running at:
[NotebookApp | INFO] http://localhost:8888/
[NotebookApp | INFO] Use Control-C to stop this server and shut down all kernels (twice to skip confirmation).
[NotebookApp | ERROR] The version of the Assignment List nbextension does not match the server extension; the nbextension version is 0.5.4 while the server version is 0.5.5. This can happen if you have recently upgraded nbgrader, and may cause this extension to not work correctly. To fix the problem, please see the nbgrader installation instructions: http://nbgrader.readthedocs.io/en/stable/user_guide/installation.html
[NotebookApp | INFO] Kernel started: 62cfe16d-5347-4b41-99f0-d735480b7207
[NotebookApp | INFO] Adapting to protocol v5.1 for kernel 62cfe16d-5347-4b41-99f0-d735480b7207
[NotebookApp | WARNING] 404 GET /static/components/preact/preact.min.js.map (127.0.0.1) 9.60ms referer=None
[NotebookApp | WARNING] 404 GET /static/components/proptypes/index.js.map (127.0.0.1) 1.82ms referer=None
[NotebookApp | WARNING] 404 GET /static/components/preact/preact.min.js.map (127.0.0.1) 2.54ms referer=None
[NotebookApp | WARNING] 404 GET /static/components/proptypes/index.js.map (127.0.0.1) 2.24ms referer=None
[NotebookApp | INFO] Adapting to protocol v5.1 for kernel 62cfe16d-5347-4b41-99f0-d735480b7207
[NotebookApp | INFO] interrupted
[NotebookApp | CRITICAL] received signal 2, stopping
[NotebookApp | INFO] Shutting down 1 kernel
[NotebookApp | INFO] Kernel shutdown: 62cfe16d-5347-4b41-99f0-d735480b7207
[NotebookApp | INFO] Loading the validate_assignment nbgrader serverextension
[NotebookApp | INFO] Serving notebooks from local directory: /home/manshi/AI-workspace/cutsom-notebook/notebook-5.6.0
[NotebookApp | INFO] The Jupyter Notebook is running at:
[NotebookApp | INFO] http://localhost:8888/
[NotebookApp | INFO] Use Control-C to stop this server and shut down all kernels (twice to skip confirmation).
[NotebookApp | ERROR] The version of the Assignment List nbextension does not match the server extension; the nbextension version is 0.5.4 while the server version is 0.5.5. This can happen if you have recently upgraded nbgrader, and may cause this extension to not work correctly. To fix the problem, please see the nbgrader installation instructions: http://nbgrader.readthedocs.io/en/stable/user_guide/installation.html
[NotebookApp | WARNING] 404 GET /static/components/preact/preact.min.js.map (127.0.0.1) 7.85ms referer=None
[NotebookApp | WARNING] 404 GET /static/components/proptypes/index.js.map (127.0.0.1) 2.60ms referer=None
[NotebookApp | INFO] Kernel started: 6048b296-c0d2-4d5b-85dc-cad780716cc4
[NotebookApp | INFO] Adapting to protocol v5.1 for kernel 6048b296-c0d2-4d5b-85dc-cad780716cc4
[NotebookApp | INFO] Starting buffering for 6048b296-c0d2-4d5b-85dc-cad780716cc4:4829bac9cdf5402eb1af2f7995bd4a2e
[NotebookApp | WARNING] 404 GET /static/components/preact/preact.min.js.map (127.0.0.1) 1.70ms referer=None
[NotebookApp | WARNING] 404 GET /static/components/proptypes/index.js.map (127.0.0.1) 2.23ms referer=None
[NotebookApp | INFO] Adapting to protocol v5.1 for kernel 6048b296-c0d2-4d5b-85dc-cad780716cc4
[NotebookApp | INFO] interrupted
[NotebookApp | CRITICAL] received signal 2, stopping
[NotebookApp | INFO] Shutting down 1 kernel
[NotebookApp | CRITICAL] received signal 2, stopping
[NotebookApp | INFO] Kernel shutdown: 6048b296-c0d2-4d5b-85dc-cad780716cc4
[NotebookApp | INFO] Loading the validate_assignment nbgrader serverextension
[NotebookApp | INFO] Serving notebooks from local directory: /home/manshi/AI-workspace/cutsom-notebook/notebook-5.6.0
[NotebookApp | INFO] The Jupyter Notebook is running at:
[NotebookApp | INFO] http://localhost:8888/
[NotebookApp | INFO] Use Control-C to stop this server and shut down all kernels (twice to skip confirmation).
[NotebookApp | ERROR] The version of the Assignment List nbextension does not match the server extension; the nbextension version is 0.5.4 while the server version is 0.5.5. This can happen if you have recently upgraded nbgrader, and may cause this extension to not work correctly. To fix the problem, please see the nbgrader installation instructions: http://nbgrader.readthedocs.io/en/stable/user_guide/installation.html
[NotebookApp | WARNING] 404 GET /api/kernels/6048b296-c0d2-4d5b-85dc-cad780716cc4/channels?session_id=2e928df89d35404e8868ea46646ac37d (127.0.0.1): Kernel does not exist: 6048b296-c0d2-4d5b-85dc-cad780716cc4
[NotebookApp | WARNING] 404 GET /api/kernels/6048b296-c0d2-4d5b-85dc-cad780716cc4/channels?session_id=2e928df89d35404e8868ea46646ac37d (127.0.0.1) 58.62ms referer=None
[NotebookApp | INFO] Creating new directory in 
[NotebookApp | WARNING] 404 GET /static/components/preact/preact.min.js.map (127.0.0.1) 2.74ms referer=None
[NotebookApp | WARNING] 404 GET /static/components/proptypes/index.js.map (127.0.0.1) 2.36ms referer=None
[NotebookApp | WARNING] Replacing stale connection: 6048b296-c0d2-4d5b-85dc-cad780716cc4:2e928df89d35404e8868ea46646ac37d
[NotebookApp | INFO] Kernel started: f487037c-0a5e-49a3-858c-ceda297a0c43
[NotebookApp | WARNING] 404 GET /static/components/preact/preact.min.js.map (127.0.0.1) 1.43ms referer=None
[NotebookApp | WARNING] 404 GET /static/components/proptypes/index.js.map (127.0.0.1) 1.95ms referer=None
[NotebookApp | WARNING] 404 GET /static/components/preact/preact.min.js.map (127.0.0.1) 2.38ms referer=None
[NotebookApp | WARNING] 404 GET /static/components/proptypes/index.js.map (127.0.0.1) 1.18ms referer=None
[NotebookApp | INFO] Creating new notebook in 
[NotebookApp | INFO] Kernel started: 9134f5e9-85be-4ecb-bf67-84307d7b5f34
[NotebookApp | INFO] Adapting to protocol v5.1 for kernel f487037c-0a5e-49a3-858c-ceda297a0c43
[NotebookApp | INFO] Adapting to protocol v5.1 for kernel 9134f5e9-85be-4ecb-bf67-84307d7b5f34
[NotebookApp | ERROR] Uncaught exception POST /progressfuse (127.0.0.1)
    HTTPServerRequest(protocol='http', host='localhost:8888', method='POST', uri='/progressfuse', version='HTTP/1.1', remote_ip='127.0.0.1')
    Traceback (most recent call last):
      File "/home/manshi/plain-notebook/lib/python3.6/site-packages/urllib3/connection.py", line 159, in _new_conn
        (self._dns_host, self.port), self.timeout, **extra_kw)
      File "/home/manshi/plain-notebook/lib/python3.6/site-packages/urllib3/util/connection.py", line 57, in create_connection
        for res in socket.getaddrinfo(host, port, family, socket.SOCK_STREAM):
      File "/home/manshi/anaconda3/lib/python3.6/socket.py", line 745, in getaddrinfo
        for res in _socket.getaddrinfo(host, port, family, type, proto, flags):
    socket.gaierror: [Errno -3] Temporary failure in name resolution
    
    During handling of the above exception, another exception occurred:
    
    Traceback (most recent call last):
      File "/home/manshi/plain-notebook/lib/python3.6/site-packages/urllib3/connectionpool.py", line 600, in urlopen
        chunked=chunked)
      File "/home/manshi/plain-notebook/lib/python3.6/site-packages/urllib3/connectionpool.py", line 343, in _make_request
        self._validate_conn(conn)
      File "/home/manshi/plain-notebook/lib/python3.6/site-packages/urllib3/connectionpool.py", line 839, in _validate_conn
        conn.connect()
      File "/home/manshi/plain-notebook/lib/python3.6/site-packages/urllib3/connection.py", line 301, in connect
        conn = self._new_conn()
      File "/home/manshi/plain-notebook/lib/python3.6/site-packages/urllib3/connection.py", line 168, in _new_conn
        self, "Failed to establish a new connection: %s" % e)
    urllib3.exceptions.NewConnectionError: <urllib3.connection.VerifiedHTTPSConnection object at 0x7fc0f73ff390>: Failed to establish a new connection: [Errno -3] Temporary failure in name resolution
    
    During handling of the above exception, another exception occurred:
    
    Traceback (most recent call last):
      File "/home/manshi/plain-notebook/lib/python3.6/site-packages/requests/adapters.py", line 449, in send
        timeout=timeout
      File "/home/manshi/plain-notebook/lib/python3.6/site-packages/urllib3/connectionpool.py", line 638, in urlopen
        _stacktrace=sys.exc_info()[2])
      File "/home/manshi/plain-notebook/lib/python3.6/site-packages/urllib3/util/retry.py", line 398, in increment
        raise MaxRetryError(_pool, url, error or ResponseError(cause))
    urllib3.exceptions.MaxRetryError: HTTPSConnectionPool(host='accounts-fuse-ai-stage.auth0.com', port=443): Max retries exceeded with url: /oauth/token (Caused by NewConnectionError('<urllib3.connection.VerifiedHTTPSConnection object at 0x7fc0f73ff390>: Failed to establish a new connection: [Errno -3] Temporary failure in name resolution',))
    
    During handling of the above exception, another exception occurred:
    
    Traceback (most recent call last):
      File "/home/manshi/plain-notebook/lib/python3.6/site-packages/tornado/web.py", line 1590, in _execute
        result = method(*self.path_args, **self.path_kwargs)
      File "/home/manshi/AI-workspace/cutsom-notebook/notebook-5.6.0/notebook/notebook/handlers.py", line 78, in post
        response_json = self.get_response(type,payload, project_progress_url_stage, assignment_progress_url_stage)
      File "/home/manshi/AI-workspace/cutsom-notebook/notebook-5.6.0/notebook/notebook/handlers.py", line 89, in get_response
        access_token = get_accesstoken(self)
      File "/home/manshi/AI-workspace/cutsom-notebook/notebook-5.6.0/notebook/notebook/handlers.py", line 117, in get_accesstoken
        response = requests.post(url, data)
      File "/home/manshi/plain-notebook/lib/python3.6/site-packages/requests/api.py", line 116, in post
        return request('post', url, data=data, json=json, **kwargs)
      File "/home/manshi/plain-notebook/lib/python3.6/site-packages/requests/api.py", line 60, in request
        return session.request(method=method, url=url, **kwargs)
      File "/home/manshi/plain-notebook/lib/python3.6/site-packages/requests/sessions.py", line 533, in request
        resp = self.send(prep, **send_kwargs)
      File "/home/manshi/plain-notebook/lib/python3.6/site-packages/requests/sessions.py", line 646, in send
        r = adapter.send(request, **kwargs)
      File "/home/manshi/plain-notebook/lib/python3.6/site-packages/requests/adapters.py", line 516, in send
        raise ConnectionError(e, request=request)
    requests.exceptions.ConnectionError: HTTPSConnectionPool(host='accounts-fuse-ai-stage.auth0.com', port=443): Max retries exceeded with url: /oauth/token (Caused by NewConnectionError('<urllib3.connection.VerifiedHTTPSConnection object at 0x7fc0f73ff390>: Failed to establish a new connection: [Errno -3] Temporary failure in name resolution',))
[NotebookApp | ERROR] {
      "Host": "localhost:8888",
      "Connection": "keep-alive",
      "Content-Length": "563",
      "Origin": "http://localhost:8888",
      "X-Csrftoken": "2|23214f7a|41b617ddd379b8150984af0ecc90355a|1556014583",
      "User-Agent": "Mozilla/5.0 (X11; Linux x86_64) AppleWebKit/537.36 (KHTML, like Gecko) Chrome/73.0.3683.103 Safari/537.36",
      "Content-Type": "multipart/form-data; boundary=----WebKitFormBoundarycy5JoTBbsI3YHP7e",
      "Accept": "*/*",
      "Referer": "http://localhost:8888/notebooks/Untitled%20Folder/Untitled.ipynb",
      "Accept-Encoding": "gzip, deflate, br",
      "Accept-Language": "en-US,en;q=0.9",
      "Cookie": "_xsrf=2|23214f7a|41b617ddd379b8150984af0ecc90355a|1556014583; username-localhost-8888=\"2|1:0|10:1556099077|23:username-localhost-8888|44:OTI4ODIyYWUzZjcxNDZhZmJiODAxOTQxOGU5Y2Y2YTQ=|8756f9e15969b0ae9025e514a73dcc9f120a0bcccf6244046dca5f15573350a1\""
    }
[NotebookApp | ERROR] 500 POST /progressfuse (127.0.0.1) 20123.86ms referer=http://localhost:8888/notebooks/Untitled%20Folder/Untitled.ipynb
[NotebookApp | INFO] Saving file at /Untitled Folder/Untitled.ipynb
[NotebookApp | WARNING] Replacing stale connection: 6048b296-c0d2-4d5b-85dc-cad780716cc4:2e928df89d35404e8868ea46646ac37d
[NotebookApp | INFO] Saving file at /Untitled.ipynb
[NotebookApp | WARNING] 404 GET /static/components/preact/preact.min.js.map (127.0.0.1) 2.53ms referer=None
[NotebookApp | WARNING] 404 GET /static/components/proptypes/index.js.map (127.0.0.1) 2.00ms referer=None
[NotebookApp | WARNING] 403 POST /progressfuse (127.0.0.1): XSRF cookie does not match POST argument
[NotebookApp | WARNING] 403 POST /progressfuse (127.0.0.1) 0.89ms referer=None
[NotebookApp | WARNING] 403 POST /progressfuse (127.0.0.1): XSRF cookie does not match POST argument
[NotebookApp | WARNING] 403 POST /progressfuse (127.0.0.1) 1.47ms referer=None
[NotebookApp | WARNING] 403 POST /progressfuse (127.0.0.1): XSRF cookie does not match POST argument
[NotebookApp | WARNING] 403 POST /progressfuse (127.0.0.1) 0.89ms referer=None
[NotebookApp | WARNING] 403 POST /submitfuse (127.0.0.1): XSRF cookie does not match POST argument
[NotebookApp | WARNING] 403 POST /submitfuse (127.0.0.1) 1.16ms referer=None
[NotebookApp | WARNING] 403 POST /submitfuse (127.0.0.1): XSRF cookie does not match POST argument
[NotebookApp | WARNING] 403 POST /submitfuse (127.0.0.1) 0.81ms referer=None
[NotebookApp | WARNING] 403 POST /progressfuse (127.0.0.1): XSRF cookie does not match POST argument
[NotebookApp | WARNING] 403 POST /progressfuse (127.0.0.1) 1.22ms referer=None
[NotebookApp | INFO] interrupted
[NotebookApp | CRITICAL] received signal 2, stopping
[NotebookApp | INFO] Shutting down 2 kernels
[NotebookApp | CRITICAL] received signal 2, stopping
[NotebookApp | INFO] Kernel shutdown: f487037c-0a5e-49a3-858c-ceda297a0c43
[NotebookApp | INFO] Kernel shutdown: 9134f5e9-85be-4ecb-bf67-84307d7b5f34
[NotebookApp | INFO] Loading the validate_assignment nbgrader serverextension
[NotebookApp | INFO] Serving notebooks from local directory: /home/manshi/AI-workspace/cutsom-notebook/notebook-5.6.0
[NotebookApp | INFO] The Jupyter Notebook is running at:
[NotebookApp | INFO] http://localhost:8888/
[NotebookApp | INFO] Use Control-C to stop this server and shut down all kernels (twice to skip confirmation).
[NotebookApp | ERROR] The version of the Assignment List nbextension does not match the server extension; the nbextension version is 0.5.4 while the server version is 0.5.5. This can happen if you have recently upgraded nbgrader, and may cause this extension to not work correctly. To fix the problem, please see the nbgrader installation instructions: http://nbgrader.readthedocs.io/en/stable/user_guide/installation.html
[NotebookApp | WARNING] 404 GET /api/kernels/9134f5e9-85be-4ecb-bf67-84307d7b5f34/channels?session_id=29383d464de8441e8f1846d7e5dbcdf1 (127.0.0.1): Kernel does not exist: 9134f5e9-85be-4ecb-bf67-84307d7b5f34
[NotebookApp | WARNING] 404 GET /api/kernels/9134f5e9-85be-4ecb-bf67-84307d7b5f34/channels?session_id=29383d464de8441e8f1846d7e5dbcdf1 (127.0.0.1) 12.98ms referer=None
[NotebookApp | WARNING] 404 GET /api/kernels/f487037c-0a5e-49a3-858c-ceda297a0c43/channels?session_id=11f151ffc6cf4f5785eb0d4a50b37b67 (127.0.0.1): Kernel does not exist: f487037c-0a5e-49a3-858c-ceda297a0c43
[NotebookApp | WARNING] 404 GET /api/kernels/f487037c-0a5e-49a3-858c-ceda297a0c43/channels?session_id=11f151ffc6cf4f5785eb0d4a50b37b67 (127.0.0.1) 2.86ms referer=None
[NotebookApp | WARNING] 404 GET /static/components/preact/preact.min.js.map (127.0.0.1) 1.83ms referer=None
[NotebookApp | WARNING] 404 GET /static/components/proptypes/index.js.map (127.0.0.1) 1.35ms referer=None
[NotebookApp | INFO] Kernel started: 22b72942-acad-46d6-bf3b-170208152e06
[NotebookApp | INFO] Adapting to protocol v5.1 for kernel 22b72942-acad-46d6-bf3b-170208152e06
[NotebookApp | WARNING] Replacing stale connection: 9134f5e9-85be-4ecb-bf67-84307d7b5f34:29383d464de8441e8f1846d7e5dbcdf1
[NotebookApp | WARNING] 400 GET /progressfuse (127.0.0.1): Missing argument environment
[NotebookApp | WARNING] 400 GET /progressfuse (127.0.0.1) 3.33ms referer=http://localhost:8888/notebooks/Untitled%20Folder/Untitled.ipynb
[NotebookApp | INFO] interrupted
[NotebookApp | CRITICAL] received signal 2, stopping
[NotebookApp | INFO] Shutting down 1 kernel
[NotebookApp | CRITICAL] received signal 2, stopping
[NotebookApp | INFO] Kernel shutdown: 22b72942-acad-46d6-bf3b-170208152e06
[NotebookApp | INFO] Loading the validate_assignment nbgrader serverextension
[NotebookApp | INFO] Serving notebooks from local directory: /home/manshi/AI-workspace/cutsom-notebook/notebook-5.6.0
[NotebookApp | INFO] The Jupyter Notebook is running at:
[NotebookApp | INFO] http://localhost:8888/
[NotebookApp | INFO] Use Control-C to stop this server and shut down all kernels (twice to skip confirmation).
[NotebookApp | ERROR] The version of the Assignment List nbextension does not match the server extension; the nbextension version is 0.5.4 while the server version is 0.5.5. This can happen if you have recently upgraded nbgrader, and may cause this extension to not work correctly. To fix the problem, please see the nbgrader installation instructions: http://nbgrader.readthedocs.io/en/stable/user_guide/installation.html
[NotebookApp | WARNING] 404 GET /api/kernels/22b72942-acad-46d6-bf3b-170208152e06/channels?session_id=2dd114c8051740238dc3aee408b37ce2 (127.0.0.1): Kernel does not exist: 22b72942-acad-46d6-bf3b-170208152e06
[NotebookApp | WARNING] 404 GET /api/kernels/22b72942-acad-46d6-bf3b-170208152e06/channels?session_id=2dd114c8051740238dc3aee408b37ce2 (127.0.0.1) 22.33ms referer=None
[NotebookApp | WARNING] 404 GET /static/components/preact/preact.min.js.map (127.0.0.1) 1.91ms referer=None
[NotebookApp | WARNING] 404 GET /static/components/proptypes/index.js.map (127.0.0.1) 2.55ms referer=None
[NotebookApp | INFO] Kernel started: c9a2f37d-7750-4438-8d04-081cc6de4cc3
[NotebookApp | WARNING] Replacing stale connection: 22b72942-acad-46d6-bf3b-170208152e06:2dd114c8051740238dc3aee408b37ce2
[NotebookApp | WARNING] 404 GET /static/components/preact/preact.min.js.map (127.0.0.1) 2.15ms referer=None
[NotebookApp | WARNING] 404 GET /static/components/proptypes/index.js.map (127.0.0.1) 1.52ms referer=None
[NotebookApp | INFO] Saving file at /Untitled Folder/Untitled.ipynb
[NotebookApp | INFO] Adapting to protocol v5.1 for kernel c9a2f37d-7750-4438-8d04-081cc6de4cc3
[NotebookApp | WARNING] 404 GET /static/components/preact/preact.min.js.map (127.0.0.1) 1.56ms referer=None
[NotebookApp | WARNING] 404 GET /static/components/proptypes/index.js.map (127.0.0.1) 1.32ms referer=None
[NotebookApp | INFO] Kernel started: cb135aff-6310-4ed8-b5e1-3bb53e6e7a5e
[NotebookApp | INFO] Adapting to protocol v5.1 for kernel cb135aff-6310-4ed8-b5e1-3bb53e6e7a5e
[NotebookApp | INFO] interrupted
[NotebookApp | CRITICAL] received signal 2, stopping
[NotebookApp | INFO] Shutting down 2 kernels
[NotebookApp | CRITICAL] received signal 2, stopping
[NotebookApp | INFO] Kernel shutdown: c9a2f37d-7750-4438-8d04-081cc6de4cc3
[NotebookApp | INFO] Kernel shutdown: cb135aff-6310-4ed8-b5e1-3bb53e6e7a5e
[NotebookApp | INFO] Loading the validate_assignment nbgrader serverextension
[NotebookApp | INFO] Serving notebooks from local directory: /home/manshi/AI-workspace/cutsom-notebook/notebook-5.6.0
[NotebookApp | INFO] The Jupyter Notebook is running at:
[NotebookApp | INFO] http://localhost:8888/
[NotebookApp | INFO] Use Control-C to stop this server and shut down all kernels (twice to skip confirmation).
[NotebookApp | ERROR] The version of the Assignment List nbextension does not match the server extension; the nbextension version is 0.5.4 while the server version is 0.5.5. This can happen if you have recently upgraded nbgrader, and may cause this extension to not work correctly. To fix the problem, please see the nbgrader installation instructions: http://nbgrader.readthedocs.io/en/stable/user_guide/installation.html
[NotebookApp | WARNING] 404 GET /api/kernels/cb135aff-6310-4ed8-b5e1-3bb53e6e7a5e/channels?session_id=4e089675ac7d49bf8c450330af27170a (127.0.0.1): Kernel does not exist: cb135aff-6310-4ed8-b5e1-3bb53e6e7a5e
[NotebookApp | WARNING] 404 GET /api/kernels/cb135aff-6310-4ed8-b5e1-3bb53e6e7a5e/channels?session_id=4e089675ac7d49bf8c450330af27170a (127.0.0.1) 18.13ms referer=None
[NotebookApp | WARNING] 404 GET /api/kernels/c9a2f37d-7750-4438-8d04-081cc6de4cc3/channels?session_id=4f7d01d12ae6436b8f7b3e4aa32882e3 (127.0.0.1): Kernel does not exist: c9a2f37d-7750-4438-8d04-081cc6de4cc3
[NotebookApp | WARNING] 404 GET /api/kernels/c9a2f37d-7750-4438-8d04-081cc6de4cc3/channels?session_id=4f7d01d12ae6436b8f7b3e4aa32882e3 (127.0.0.1) 3.30ms referer=None
[NotebookApp | WARNING] Replacing stale connection: cb135aff-6310-4ed8-b5e1-3bb53e6e7a5e:4e089675ac7d49bf8c450330af27170a
[NotebookApp | INFO] Kernel started: 9681efb7-2946-4d92-aee3-cbee438e1aa8
[NotebookApp | WARNING] 404 GET /static/components/preact/preact.min.js.map (127.0.0.1) 2.20ms referer=None
[NotebookApp | WARNING] 404 GET /static/components/proptypes/index.js.map (127.0.0.1) 1.83ms referer=None
[NotebookApp | WARNING] 404 GET /static/components/preact/preact.min.js.map (127.0.0.1) 2.26ms referer=None
[NotebookApp | WARNING] 404 GET /static/components/proptypes/index.js.map (127.0.0.1) 2.61ms referer=None
[NotebookApp | INFO] interrupted
[NotebookApp | CRITICAL] received signal 2, stopping
[NotebookApp | INFO] Shutting down 1 kernel
[NotebookApp | INFO] Kernel shutdown: 9681efb7-2946-4d92-aee3-cbee438e1aa8
[NotebookApp | INFO] Loading the validate_assignment nbgrader serverextension
[NotebookApp | INFO] Serving notebooks from local directory: /home/manshi/AI-workspace/cutsom-notebook/notebook-5.6.0
[NotebookApp | INFO] The Jupyter Notebook is running at:
[NotebookApp | INFO] http://localhost:8888/
[NotebookApp | INFO] Use Control-C to stop this server and shut down all kernels (twice to skip confirmation).
[NotebookApp | ERROR] The version of the Assignment List nbextension does not match the server extension; the nbextension version is 0.5.4 while the server version is 0.5.5. This can happen if you have recently upgraded nbgrader, and may cause this extension to not work correctly. To fix the problem, please see the nbgrader installation instructions: http://nbgrader.readthedocs.io/en/stable/user_guide/installation.html
[NotebookApp | WARNING] 404 GET /api/kernels/9681efb7-2946-4d92-aee3-cbee438e1aa8/channels?session_id=192d3e3cdc4f4e4c9af948a4034466a6 (127.0.0.1): Kernel does not exist: 9681efb7-2946-4d92-aee3-cbee438e1aa8
[NotebookApp | WARNING] 404 GET /api/kernels/9681efb7-2946-4d92-aee3-cbee438e1aa8/channels?session_id=192d3e3cdc4f4e4c9af948a4034466a6 (127.0.0.1) 17.38ms referer=None
[NotebookApp | WARNING] 404 GET /api/kernels/cb135aff-6310-4ed8-b5e1-3bb53e6e7a5e/channels?session_id=4e089675ac7d49bf8c450330af27170a (127.0.0.1): Kernel does not exist: cb135aff-6310-4ed8-b5e1-3bb53e6e7a5e
[NotebookApp | WARNING] 404 GET /api/kernels/cb135aff-6310-4ed8-b5e1-3bb53e6e7a5e/channels?session_id=4e089675ac7d49bf8c450330af27170a (127.0.0.1) 2.38ms referer=None
[NotebookApp | WARNING] 404 GET /api/kernels/c9a2f37d-7750-4438-8d04-081cc6de4cc3/channels?session_id=4f7d01d12ae6436b8f7b3e4aa32882e3 (127.0.0.1): Kernel does not exist: c9a2f37d-7750-4438-8d04-081cc6de4cc3
[NotebookApp | WARNING] 404 GET /api/kernels/c9a2f37d-7750-4438-8d04-081cc6de4cc3/channels?session_id=4f7d01d12ae6436b8f7b3e4aa32882e3 (127.0.0.1) 3.85ms referer=None
[NotebookApp | WARNING] 404 GET /static/components/preact/preact.min.js.map (127.0.0.1) 2.65ms referer=None
[NotebookApp | WARNING] 404 GET /static/components/proptypes/index.js.map (127.0.0.1) 2.41ms referer=None
[NotebookApp | INFO] Kernel started: 641ad2f8-e179-44a7-badb-851342caedaa
[NotebookApp | INFO] Adapting to protocol v5.1 for kernel 641ad2f8-e179-44a7-badb-851342caedaa
[NotebookApp | WARNING] Replacing stale connection: cb135aff-6310-4ed8-b5e1-3bb53e6e7a5e:4e089675ac7d49bf8c450330af27170a
[NotebookApp | INFO] Starting buffering for 641ad2f8-e179-44a7-badb-851342caedaa:400611e5fd2b472d97d01e3a098c4e76
[NotebookApp | WARNING] 404 GET /static/components/preact/preact.min.js.map (127.0.0.1) 1.78ms referer=None
[NotebookApp | WARNING] 404 GET /static/components/proptypes/index.js.map (127.0.0.1) 1.84ms referer=None
[NotebookApp | INFO] Kernel started: ec0453cb-3316-43ac-a931-3c141b7199a5
[NotebookApp | WARNING] 404 GET /static/components/preact/preact.min.js.map (127.0.0.1) 2.60ms referer=None
[NotebookApp | WARNING] 404 GET /static/components/proptypes/index.js.map (127.0.0.1) 1.58ms referer=None
[NotebookApp | WARNING] 404 GET /static/components/preact/preact.min.js.map (127.0.0.1) 2.64ms referer=None
[NotebookApp | WARNING] 404 GET /static/components/proptypes/index.js.map (127.0.0.1) 1.45ms referer=None
[NotebookApp | WARNING] 404 GET /static/components/preact/preact.min.js.map (127.0.0.1) 2.01ms referer=None
[NotebookApp | WARNING] 404 GET /static/components/proptypes/index.js.map (127.0.0.1) 1.47ms referer=None
[NotebookApp | WARNING] Replacing stale connection: c9a2f37d-7750-4438-8d04-081cc6de4cc3:4f7d01d12ae6436b8f7b3e4aa32882e3
[NotebookApp | INFO] Adapting to protocol v5.1 for kernel ec0453cb-3316-43ac-a931-3c141b7199a5
[NotebookApp | WARNING] Replacing stale connection: cb135aff-6310-4ed8-b5e1-3bb53e6e7a5e:4e089675ac7d49bf8c450330af27170a
[NotebookApp | INFO] Saving file at /Untitled Folder/Untitled.ipynb
[NotebookApp | WARNING] Replacing stale connection: c9a2f37d-7750-4438-8d04-081cc6de4cc3:4f7d01d12ae6436b8f7b3e4aa32882e3
[NotebookApp | WARNING] Replacing stale connection: cb135aff-6310-4ed8-b5e1-3bb53e6e7a5e:4e089675ac7d49bf8c450330af27170a
[NotebookApp | WARNING] Replacing stale connection: c9a2f37d-7750-4438-8d04-081cc6de4cc3:4f7d01d12ae6436b8f7b3e4aa32882e3
[NotebookApp | WARNING] WebSocket ping timeout after 1169998 ms.
[NotebookApp | INFO] Starting buffering for ec0453cb-3316-43ac-a931-3c141b7199a5:b4e3ac5b92a64168815503c27dc0bc5c
[NotebookApp | INFO] Adapting to protocol v5.1 for kernel ec0453cb-3316-43ac-a931-3c141b7199a5
[NotebookApp | INFO] Restoring connection for ec0453cb-3316-43ac-a931-3c141b7199a5:b4e3ac5b92a64168815503c27dc0bc5c
